

Started GET "/assets/rails.png" for 192.168.1.6 at 2012-01-09 17:49:01 +0700
Served asset /rails.png - 200 OK (3ms)


Started GET "/rails/info/properties" for 192.168.1.6 at 2012-01-09 17:49:03 +0700
  Processing by Rails::InfoController#properties as HTML
Rendered inline template (9.1ms)
Completed 200 OK in 39ms (Views: 38.8ms | ActiveRecord: 0.0ms)
  [1m[36m (226.0ms)[0m  [1mCREATE TABLE `schema_migrations` (`version` varchar(255) NOT NULL) ENGINE=InnoDB[0m
  [1m[35m (273.8ms)[0m  CREATE UNIQUE INDEX `unique_schema_migrations` ON `schema_migrations` (`version`)
  [1m[36m (0.5ms)[0m  [1mSELECT `schema_migrations`.`version` FROM `schema_migrations` [0m
Migrating to DeviseCreateUsers (20120109105621)
  [1m[35m (101.5ms)[0m  CREATE TABLE `users` (`id` int(11) DEFAULT NULL auto_increment PRIMARY KEY, `email` varchar(255) DEFAULT '' NOT NULL, `encrypted_password` varchar(128) DEFAULT '' NOT NULL, `reset_password_token` varchar(255), `reset_password_sent_at` datetime, `remember_created_at` datetime, `sign_in_count` int(11) DEFAULT 0, `current_sign_in_at` datetime, `last_sign_in_at` datetime, `current_sign_in_ip` varchar(255), `last_sign_in_ip` varchar(255), `name` varchar(255), `created_at` datetime, `updated_at` datetime) ENGINE=InnoDB
  [1m[36m (258.3ms)[0m  [1mCREATE UNIQUE INDEX `index_users_on_email` ON `users` (`email`)[0m
  [1m[35m (265.9ms)[0m  CREATE UNIQUE INDEX `index_users_on_reset_password_token` ON `users` (`reset_password_token`)
  [1m[36m (74.0ms)[0m  [1mINSERT INTO `schema_migrations` (`version`) VALUES ('20120109105621')[0m
  [1m[35m (0.3ms)[0m  SELECT `schema_migrations`.`version` FROM `schema_migrations` 


Started GET "/sign_up" for 192.168.1.6 at 2012-01-09 18:01:58 +0700

ActionController::RoutingError (No route matches [GET] "/sign_up"):
  

Rendered /usr/local/lib/ruby/gems/1.9.1/gems/actionpack-3.1.1/lib/action_dispatch/middleware/templates/rescues/routing_error.erb within rescues/layout (10.5ms)


Started GET "/users/sign_up" for 192.168.1.6 at 2012-01-09 18:02:30 +0700
  Processing by Devise::RegistrationsController#new as HTML
Rendered /usr/local/lib/ruby/gems/1.9.1/gems/devise-1.5.2/app/views/devise/shared/_links.erb (1.7ms)
Rendered /usr/local/lib/ruby/gems/1.9.1/gems/devise-1.5.2/app/views/devise/registrations/new.html.erb within layouts/application (86.2ms)
Compiled application.css  (0ms)  (pid 12513)
Compiled application.js  (2ms)  (pid 12513)
Compiled jquery.js  (2ms)  (pid 12513)
Compiled jquery_ujs.js  (0ms)  (pid 12513)
Completed 200 OK in 184ms (Views: 132.5ms | ActiveRecord: 5.4ms)


Started GET "/assets/application.css?body=1" for 192.168.1.6 at 2012-01-09 18:02:30 +0700
Served asset /application.css - 200 OK (0ms)


Started GET "/assets/application.js?body=1" for 192.168.1.6 at 2012-01-09 18:02:30 +0700
Served asset /application.js - 200 OK (0ms)


Started GET "/assets/jquery.js?body=1" for 192.168.1.6 at 2012-01-09 18:02:30 +0700
Served asset /jquery.js - 304 Not Modified (7ms)


Started GET "/assets/jquery_ujs.js?body=1" for 192.168.1.6 at 2012-01-09 18:02:30 +0700
Served asset /jquery_ujs.js - 304 Not Modified (5ms)


Started POST "/users" for 192.168.1.6 at 2012-01-09 18:03:00 +0700
  Processing by Devise::RegistrationsController#create as HTML
  Parameters: {"utf8"=>"✓", "authenticity_token"=>"HidfVz5pynso2blO4it4k+uwcCPkY/856tRARPcCtNU=", "user"=>{"email"=>"shodikk@gmail.com", "password"=>"[FILTERED]", "password_confirmation"=>"[FILTERED]"}, "commit"=>"Sign up"}
  [1m[36m (1.8ms)[0m  [1mBEGIN[0m
  [1m[35m (0.6ms)[0m  SELECT 1 FROM `users` WHERE `users`.`email` = BINARY 'shodikk@gmail.com' LIMIT 1
  [1m[36mCACHE (0.0ms)[0m  [1mSELECT 1 FROM `users` WHERE `users`.`email` = BINARY 'shodikk@gmail.com' LIMIT 1[0m
  [1m[35mSQL (0.5ms)[0m  INSERT INTO `users` (`created_at`, `current_sign_in_at`, `current_sign_in_ip`, `email`, `encrypted_password`, `last_sign_in_at`, `last_sign_in_ip`, `name`, `remember_created_at`, `reset_password_sent_at`, `reset_password_token`, `sign_in_count`, `updated_at`) VALUES ('2012-01-09 11:03:00', NULL, NULL, 'shodikk@gmail.com', '$2a$10$TO6a2QcbGMuvGPsAdph3peDrAz9g1ft6VvySXT9znqwDBkaET8Zbi', NULL, NULL, NULL, NULL, NULL, NULL, 0, '2012-01-09 11:03:00')
  [1m[36m (80.5ms)[0m  [1mCOMMIT[0m
  [1m[35m (0.2ms)[0m  BEGIN
  [1m[36m (0.6ms)[0m  [1mUPDATE `users` SET `last_sign_in_at` = '2012-01-09 11:03:01', `current_sign_in_at` = '2012-01-09 11:03:01', `last_sign_in_ip` = '192.168.1.6', `current_sign_in_ip` = '192.168.1.6', `sign_in_count` = 1, `updated_at` = '2012-01-09 11:03:01' WHERE `users`.`id` = 1[0m
  [1m[35m (41.9ms)[0m  COMMIT
Redirected to http://192.168.1.10:3001/
Completed 302 Found in 398ms


Started GET "/assets/rails.png" for 192.168.1.6 at 2012-01-09 18:03:01 +0700
Served asset /rails.png - 304 Not Modified (3ms)


Started GET "/" for 192.168.1.6 at 2012-01-09 18:03:27 +0700
  Processing by HomeController#index as HTML
Rendered home/index.html.erb within layouts/application (10.1ms)
Completed 200 OK in 54ms (Views: 53.6ms | ActiveRecord: 0.0ms)


Started GET "/assets/application.css?body=1" for 192.168.1.6 at 2012-01-09 18:03:27 +0700
Served asset /application.css - 304 Not Modified (0ms)


Started GET "/assets/jquery.js?body=1" for 192.168.1.6 at 2012-01-09 18:03:27 +0700
Served asset /jquery.js - 304 Not Modified (5ms)


Started GET "/assets/jquery_ujs.js?body=1" for 192.168.1.6 at 2012-01-09 18:03:27 +0700
Served asset /jquery_ujs.js - 304 Not Modified (5ms)


Started GET "/assets/application.js?body=1" for 192.168.1.6 at 2012-01-09 18:03:27 +0700
Served asset /application.js - 304 Not Modified (0ms)


Started GET "/" for 192.168.1.6 at 2012-01-09 18:05:39 +0700
  Processing by HomeController#index as HTML
Rendered home/index.html.erb within layouts/application (10.5ms)
Completed 200 OK in 99ms (Views: 98.6ms | ActiveRecord: 0.0ms)


Started GET "/assets/application.css?body=1" for 192.168.1.6 at 2012-01-09 18:05:39 +0700
Served asset /application.css - 304 Not Modified (0ms)


Started GET "/assets/jquery_ujs.js?body=1" for 192.168.1.6 at 2012-01-09 18:05:39 +0700
Served asset /jquery_ujs.js - 304 Not Modified (9ms)


Started GET "/assets/application.js?body=1" for 192.168.1.6 at 2012-01-09 18:05:39 +0700
Served asset /application.js - 304 Not Modified (0ms)


Started GET "/assets/jquery.js?body=1" for 192.168.1.6 at 2012-01-09 18:05:39 +0700
Served asset /jquery.js - 304 Not Modified (5ms)


Started GET "/sign_up" for 192.168.1.6 at 2012-01-09 18:05:45 +0700

ActionController::RoutingError (No route matches [GET] "/sign_up"):
  

Rendered /usr/local/lib/ruby/gems/1.9.1/gems/actionpack-3.1.1/lib/action_dispatch/middleware/templates/rescues/routing_error.erb within rescues/layout (0.6ms)


Started GET "/users/sign_up" for 192.168.1.6 at 2012-01-09 18:05:50 +0700
  Processing by Devise::RegistrationsController#new as HTML
  [1m[36mUser Load (0.8ms)[0m  [1mSELECT `users`.* FROM `users` WHERE `users`.`id` = 1 LIMIT 1[0m
Redirected to http://192.168.1.10:3001/
Completed 302 Found in 111ms


Started GET "/" for 192.168.1.6 at 2012-01-09 18:05:51 +0700
  Processing by HomeController#index as HTML
Rendered home/index.html.erb within layouts/application (0.1ms)
Completed 200 OK in 53ms (Views: 52.8ms | ActiveRecord: 0.0ms)


Started GET "/assets/jquery_ujs.js?body=1" for 192.168.1.6 at 2012-01-09 18:05:51 +0700
Served asset /jquery_ujs.js - 304 Not Modified (0ms)


Started GET "/assets/application.css?body=1" for 192.168.1.6 at 2012-01-09 18:05:51 +0700
Served asset /application.css - 304 Not Modified (0ms)


Started GET "/assets/application.js?body=1" for 192.168.1.6 at 2012-01-09 18:05:51 +0700
Served asset /application.js - 304 Not Modified (0ms)


Started GET "/assets/jquery.js?body=1" for 192.168.1.6 at 2012-01-09 18:05:51 +0700
Served asset /jquery.js - 304 Not Modified (0ms)


Started GET "/sign_out" for 192.168.1.6 at 2012-01-09 18:05:59 +0700

ActionController::RoutingError (No route matches [GET] "/sign_out"):
  

Rendered /usr/local/lib/ruby/gems/1.9.1/gems/actionpack-3.1.1/lib/action_dispatch/middleware/templates/rescues/routing_error.erb within rescues/layout (0.6ms)


Started GET "/users/sign_out" for 192.168.1.6 at 2012-01-09 18:06:37 +0700

ActionController::RoutingError (No route matches [GET] "/users/sign_out"):
  

Rendered /usr/local/lib/ruby/gems/1.9.1/gems/actionpack-3.1.1/lib/action_dispatch/middleware/templates/rescues/routing_error.erb within rescues/layout (1.3ms)


Started GET "/users/sign_in" for 192.168.1.6 at 2012-01-09 18:06:57 +0700
  Processing by Devise::SessionsController#new as HTML
  [1m[35mUser Load (0.4ms)[0m  SELECT `users`.* FROM `users` WHERE `users`.`id` = 1 LIMIT 1
Redirected to http://192.168.1.10:3001/
Completed 302 Found in 25ms


Started GET "/" for 192.168.1.6 at 2012-01-09 18:06:57 +0700
  Processing by HomeController#index as HTML
Rendered home/index.html.erb within layouts/application (0.1ms)
Completed 200 OK in 12ms (Views: 11.6ms | ActiveRecord: 0.0ms)


Started GET "/assets/application.css?body=1" for 192.168.1.6 at 2012-01-09 18:06:57 +0700
Served asset /application.css - 304 Not Modified (0ms)


Started GET "/assets/jquery.js?body=1" for 192.168.1.6 at 2012-01-09 18:06:57 +0700
Served asset /jquery.js - 304 Not Modified (0ms)


Started GET "/assets/jquery_ujs.js?body=1" for 192.168.1.6 at 2012-01-09 18:06:57 +0700
Served asset /jquery_ujs.js - 304 Not Modified (0ms)


Started GET "/assets/application.js?body=1" for 192.168.1.6 at 2012-01-09 18:06:57 +0700
Served asset /application.js - 304 Not Modified (0ms)


Started GET "/users/sign_out" for 192.168.1.6 at 2012-01-09 18:07:08 +0700

ActionController::RoutingError (No route matches [GET] "/users/sign_out"):
  

Rendered /usr/local/lib/ruby/gems/1.9.1/gems/actionpack-3.1.1/lib/action_dispatch/middleware/templates/rescues/routing_error.erb within rescues/layout (1.5ms)


Started GET "/users/sign_out" for 192.168.1.6 at 2012-01-09 18:08:48 +0700

ActionController::RoutingError (No route matches [GET] "/users/sign_out"):
  

Rendered /usr/local/lib/ruby/gems/1.9.1/gems/actionpack-3.1.1/lib/action_dispatch/middleware/templates/rescues/routing_error.erb within rescues/layout (10.6ms)


Started GET "/users/" for 192.168.1.6 at 2012-01-09 18:11:44 +0700

ActionController::RoutingError (No route matches [GET] "/users"):
  

Rendered /usr/local/lib/ruby/gems/1.9.1/gems/actionpack-3.1.1/lib/action_dispatch/middleware/templates/rescues/routing_error.erb within rescues/layout (55.0ms)


Started GET "/" for 192.168.1.6 at 2012-01-09 18:11:47 +0700
  Processing by HomeController#index as HTML
Rendered home/index.html.erb within layouts/application (0.3ms)
  [1m[36mUser Load (0.4ms)[0m  [1mSELECT `users`.* FROM `users` WHERE `users`.`id` = 1 LIMIT 1[0m
Completed 200 OK in 143ms (Views: 136.7ms | ActiveRecord: 5.5ms)


Started GET "/assets/application.css?body=1" for 192.168.1.6 at 2012-01-09 18:11:48 +0700
Served asset /application.css - 304 Not Modified (0ms)


Started GET "/assets/jquery.js?body=1" for 192.168.1.6 at 2012-01-09 18:11:48 +0700
Served asset /jquery.js - 304 Not Modified (15ms)


Started GET "/assets/jquery_ujs.js?body=1" for 192.168.1.6 at 2012-01-09 18:11:48 +0700
Served asset /jquery_ujs.js - 304 Not Modified (5ms)


Started GET "/assets/application.js?body=1" for 192.168.1.6 at 2012-01-09 18:11:48 +0700
Served asset /application.js - 304 Not Modified (0ms)


Started GET "/" for 192.168.1.6 at 2012-01-09 18:11:51 +0700
  Processing by HomeController#index as HTML
Rendered home/index.html.erb within layouts/application (0.1ms)
  [1m[35mUser Load (0.3ms)[0m  SELECT `users`.* FROM `users` WHERE `users`.`id` = 1 LIMIT 1
Completed 200 OK in 78ms (Views: 73.5ms | ActiveRecord: 4.0ms)


Started GET "/assets/application.css?body=1" for 192.168.1.6 at 2012-01-09 18:11:51 +0700
Served asset /application.css - 304 Not Modified (0ms)


Started GET "/assets/jquery.js?body=1" for 192.168.1.6 at 2012-01-09 18:11:51 +0700
Served asset /jquery.js - 304 Not Modified (0ms)


Started GET "/assets/application.js?body=1" for 192.168.1.6 at 2012-01-09 18:11:51 +0700
Served asset /application.js - 304 Not Modified (0ms)


Started GET "/assets/jquery_ujs.js?body=1" for 192.168.1.6 at 2012-01-09 18:11:51 +0700
Served asset /jquery_ujs.js - 304 Not Modified (0ms)


Started GET "/" for 192.168.1.6 at 2012-01-09 18:11:54 +0700
  Processing by HomeController#index as HTML
Rendered home/index.html.erb within layouts/application (0.1ms)
  [1m[36mUser Load (0.3ms)[0m  [1mSELECT `users`.* FROM `users` WHERE `users`.`id` = 1 LIMIT 1[0m
Completed 200 OK in 32ms (Views: 27.7ms | ActiveRecord: 4.0ms)


Started GET "/assets/application.css?body=1" for 192.168.1.6 at 2012-01-09 18:11:54 +0700
Served asset /application.css - 304 Not Modified (0ms)


Started GET "/assets/jquery_ujs.js?body=1" for 192.168.1.6 at 2012-01-09 18:11:54 +0700
Served asset /jquery_ujs.js - 304 Not Modified (0ms)


Started GET "/assets/jquery.js?body=1" for 192.168.1.6 at 2012-01-09 18:11:54 +0700
Served asset /jquery.js - 304 Not Modified (0ms)


Started GET "/assets/application.js?body=1" for 192.168.1.6 at 2012-01-09 18:11:54 +0700
Served asset /application.js - 304 Not Modified (0ms)


Started GET "/users/sign_out" for 192.168.1.6 at 2012-01-09 18:11:58 +0700

ActionController::RoutingError (No route matches [GET] "/users/sign_out"):
  

Rendered /usr/local/lib/ruby/gems/1.9.1/gems/actionpack-3.1.1/lib/action_dispatch/middleware/templates/rescues/routing_error.erb within rescues/layout (0.6ms)


Started GET "/" for 192.168.1.6 at 2012-01-09 18:12:03 +0700
  Processing by HomeController#index as HTML
Rendered home/index.html.erb within layouts/application (0.1ms)
  [1m[35mUser Load (0.5ms)[0m  SELECT `users`.* FROM `users` WHERE `users`.`id` = 1 LIMIT 1
Completed 200 OK in 100ms (Views: 96.4ms | ActiveRecord: 3.2ms)


Started GET "/assets/jquery_ujs.js?body=1" for 192.168.1.6 at 2012-01-09 18:12:03 +0700
Served asset /jquery_ujs.js - 304 Not Modified (0ms)


Started GET "/assets/jquery.js?body=1" for 192.168.1.6 at 2012-01-09 18:12:03 +0700
Served asset /jquery.js - 304 Not Modified (0ms)


Started GET "/assets/application.js?body=1" for 192.168.1.6 at 2012-01-09 18:12:03 +0700
Served asset /application.js - 304 Not Modified (0ms)


Started GET "/assets/application.css?body=1" for 192.168.1.6 at 2012-01-09 18:12:03 +0700
Served asset /application.css - 304 Not Modified (0ms)
  [1m[36m (0.1ms)[0m  [1mSELECT `schema_migrations`.`version` FROM `schema_migrations` [0m
Migrating to DeviseCreateUsers (20120109105621)
Migrating to CreateAssets (20120109111336)
Mysql2::Error: Table 'apps00_development.assets' doesn't exist: SHOW KEYS FROM `assets`
  [1m[36m (0.2ms)[0m  [1mSELECT `schema_migrations`.`version` FROM `schema_migrations` [0m
Migrating to DeviseCreateUsers (20120109105621)
Migrating to CreateAssets (20120109111336)
  [1m[35m (115.2ms)[0m  CREATE TABLE `assets` (`id` int(11) DEFAULT NULL auto_increment PRIMARY KEY, `user_id` int(11), `created_at` datetime, `updated_at` datetime) ENGINE=InnoDB
  [1m[36m (232.2ms)[0m  [1mCREATE INDEX `index_assets_on_user_id` ON `assets` (`user_id`)[0m
  [1m[35m (65.2ms)[0m  INSERT INTO `schema_migrations` (`version`) VALUES ('20120109111336')
  [1m[36m (0.4ms)[0m  [1mSELECT `schema_migrations`.`version` FROM `schema_migrations` [0m
  [1m[36m (0.2ms)[0m  [1mSELECT `schema_migrations`.`version` FROM `schema_migrations` [0m
Migrating to DeviseCreateUsers (20120109105621)
Migrating to CreateAssets (20120109111336)
Migrating to AddAttachmentUploadedFileToAsset (20120109112121)
  [1m[35m (322.8ms)[0m  ALTER TABLE `assets` ADD `uploaded_file_file_name` varchar(255)
  [1m[36m (266.6ms)[0m  [1mALTER TABLE `assets` ADD `uploaded_file_content_type` varchar(255)[0m
  [1m[35m (259.7ms)[0m  ALTER TABLE `assets` ADD `uploaded_file_file_size` int(11)
  [1m[36m (316.6ms)[0m  [1mALTER TABLE `assets` ADD `uploaded_file_updated_at` datetime[0m
  [1m[35m (65.2ms)[0m  INSERT INTO `schema_migrations` (`version`) VALUES ('20120109112121')
  [1m[36m (0.3ms)[0m  [1mSELECT `schema_migrations`.`version` FROM `schema_migrations` [0m


Started GET "/assets/new" for 192.168.1.6 at 2012-01-09 18:26:29 +0700
Served asset /new - 404 Not Found (1ms)
  Processing by AssetsController#new as HTML
  [1m[36mUser Load (0.4ms)[0m  [1mSELECT `users`.* FROM `users` WHERE `users`.`id` = 1 LIMIT 1[0m
Rendered assets/new.html.erb within layouts/application (113.3ms)
Completed 500 Internal Server Error in 281ms

ActionView::Template::Error (undefined method `title' for #<#<Class:0x00000002608298>:0x000000025efcc0>):
    1: <% title "New Asset" %>
    2: 
    3: <%= render 'form' %>
    4: 
  app/views/assets/new.html.erb:1:in `_app_views_assets_new_html_erb___375444231284784111_35547800'

Rendered /usr/local/lib/ruby/gems/1.9.1/gems/actionpack-3.1.1/lib/action_dispatch/middleware/templates/rescues/_trace.erb (1.2ms)
Rendered /usr/local/lib/ruby/gems/1.9.1/gems/actionpack-3.1.1/lib/action_dispatch/middleware/templates/rescues/_request_and_response.erb (1.1ms)
Rendered /usr/local/lib/ruby/gems/1.9.1/gems/actionpack-3.1.1/lib/action_dispatch/middleware/templates/rescues/template_error.erb within rescues/layout (4.4ms)


Started GET "/assets/new" for 192.168.1.6 at 2012-01-09 18:28:03 +0700
Served asset /new - 404 Not Found (1ms)
  Processing by AssetsController#new as HTML
  [1m[36mUser Load (0.3ms)[0m  [1mSELECT `users`.* FROM `users` WHERE `users`.`id` = 1 LIMIT 1[0m
Rendered assets/new.html.erb within layouts/application (105.1ms)
Completed 500 Internal Server Error in 298ms

ActionView::Template::Error (undefined method `title' for #<#<Class:0x000000036416f0>:0x0000000362c0c0>):
    1: <%= title "New Asset" %>
    2: 
    3: <%= render 'form' %>
    4: 
  app/views/assets/new.html.erb:1:in `_app_views_assets_new_html_erb__993628303659573434_44463800'

Rendered /usr/local/lib/ruby/gems/1.9.1/gems/actionpack-3.1.1/lib/action_dispatch/middleware/templates/rescues/_trace.erb (1.3ms)
Rendered /usr/local/lib/ruby/gems/1.9.1/gems/actionpack-3.1.1/lib/action_dispatch/middleware/templates/rescues/_request_and_response.erb (1.0ms)
Rendered /usr/local/lib/ruby/gems/1.9.1/gems/actionpack-3.1.1/lib/action_dispatch/middleware/templates/rescues/template_error.erb within rescues/layout (4.3ms)


Started GET "/assets/new" for 192.168.1.6 at 2012-01-09 18:28:55 +0700
Served asset /new - 404 Not Found (2ms)
  Processing by AssetsController#new as HTML
  [1m[36mUser Load (0.4ms)[0m  [1mSELECT `users`.* FROM `users` WHERE `users`.`id` = 1 LIMIT 1[0m
Rendered assets/_form.html.erb (457.8ms)
Rendered assets/new.html.erb within layouts/application (477.5ms)
Completed 500 Internal Server Error in 656ms

ActionView::Template::Error (undefined method `error_messages' for #<ActionView::Helpers::FormBuilder:0x007fdeac31dea8>):
    1: <%= form_for @asset,:html => {:multipart => true} do |f| %>
    2:   <%= f.error_messages %>
    3:   <p>
    4:     <%= f.label :uploaded_file, "File" %><br>  
    5:         <%= f.file_field :uploaded_file %> 
  app/views/assets/_form.html.erb:2:in `block in _app_views_assets__form_html_erb___1851968740143682499_70297174228660'
  app/views/assets/_form.html.erb:1:in `_app_views_assets__form_html_erb___1851968740143682499_70297174228660'
  app/views/assets/new.html.erb:3:in `_app_views_assets_new_html_erb___4072056776176536824_70297174446240'

Rendered /usr/local/lib/ruby/gems/1.9.1/gems/actionpack-3.1.1/lib/action_dispatch/middleware/templates/rescues/_trace.erb (1.8ms)
Rendered /usr/local/lib/ruby/gems/1.9.1/gems/actionpack-3.1.1/lib/action_dispatch/middleware/templates/rescues/_request_and_response.erb (1.2ms)
Rendered /usr/local/lib/ruby/gems/1.9.1/gems/actionpack-3.1.1/lib/action_dispatch/middleware/templates/rescues/template_error.erb within rescues/layout (5.7ms)


Started GET "/assets/new" for 192.168.1.6 at 2012-01-09 18:29:16 +0700
Served asset /new - 404 Not Found (4ms)
  Processing by AssetsController#new as HTML
  [1m[35mUser Load (0.4ms)[0m  SELECT `users`.* FROM `users` WHERE `users`.`id` = 1 LIMIT 1
Rendered assets/_form.html.erb (325.5ms)
Rendered assets/new.html.erb within layouts/application (326.0ms)
Completed 500 Internal Server Error in 388ms

ActionView::Template::Error (undefined method `error_messages' for #<ActionView::Helpers::FormBuilder:0x00000003fc52a8>):
    1: <%= form_for @asset,:html => {:multipart => true} do |f| %>
    2:   <%= f.error_messages %>
    3:   <p>
    4:     <%= f.label :uploaded_file, "File" %><br>  
    5:         <%= f.file_field :uploaded_file %> 
  app/views/assets/_form.html.erb:2:in `block in _app_views_assets__form_html_erb___1851968740143682499_70297174228660'
  app/views/assets/_form.html.erb:1:in `_app_views_assets__form_html_erb___1851968740143682499_70297174228660'
  app/views/assets/new.html.erb:3:in `_app_views_assets_new_html_erb___4072056776176536824_70297174446240'

Rendered /usr/local/lib/ruby/gems/1.9.1/gems/actionpack-3.1.1/lib/action_dispatch/middleware/templates/rescues/_trace.erb (1.3ms)
Rendered /usr/local/lib/ruby/gems/1.9.1/gems/actionpack-3.1.1/lib/action_dispatch/middleware/templates/rescues/_request_and_response.erb (0.9ms)
Rendered /usr/local/lib/ruby/gems/1.9.1/gems/actionpack-3.1.1/lib/action_dispatch/middleware/templates/rescues/template_error.erb within rescues/layout (4.3ms)


Started GET "/assets/new" for 192.168.1.6 at 2012-01-09 18:30:23 +0700
Served asset /new - 404 Not Found (26ms)
  Processing by AssetsController#new as HTML
  [1m[36mUser Load (0.3ms)[0m  [1mSELECT `users`.* FROM `users` WHERE `users`.`id` = 1 LIMIT 1[0m
Rendered assets/_form.html.erb (380.5ms)
Rendered assets/new.html.erb within layouts/application (381.1ms)
Completed 500 Internal Server Error in 478ms

ActionView::Template::Error (undefined method `error_messages' for #<ActionView::Helpers::FormBuilder:0x00000003080540>):
    1: <%= form_for @asset,:html => {:multipart => true} do |f| %>
    2:   <%= f.error_messages %>
    3:   <p>
    4:     <%= f.label :uploaded_file, "File" %><br>  
    5:         <%= f.file_field :uploaded_file %> 
  app/views/assets/_form.html.erb:2:in `block in _app_views_assets__form_html_erb___1851968740143682499_70297174228660'
  app/views/assets/_form.html.erb:1:in `_app_views_assets__form_html_erb___1851968740143682499_70297174228660'
  app/views/assets/new.html.erb:3:in `_app_views_assets_new_html_erb___4072056776176536824_70297174446240'

Rendered /usr/local/lib/ruby/gems/1.9.1/gems/actionpack-3.1.1/lib/action_dispatch/middleware/templates/rescues/_trace.erb (4.2ms)
Rendered /usr/local/lib/ruby/gems/1.9.1/gems/actionpack-3.1.1/lib/action_dispatch/middleware/templates/rescues/_request_and_response.erb (2.6ms)
Rendered /usr/local/lib/ruby/gems/1.9.1/gems/actionpack-3.1.1/lib/action_dispatch/middleware/templates/rescues/template_error.erb within rescues/layout (35.5ms)


Started GET "/assets" for 192.168.1.6 at 2012-01-09 18:34:50 +0700
Served asset  - 404 Not Found (1ms)
  Processing by AssetsController#index as HTML
  [1m[36mUser Load (0.4ms)[0m  [1mSELECT `users`.* FROM `users` WHERE `users`.`id` = 1 LIMIT 1[0m
  [1m[35mAsset Load (16.5ms)[0m  SELECT `assets`.* FROM `assets` WHERE `assets`.`user_id` = 1
Rendered assets/index.html.erb within layouts/application (227.9ms)
Completed 500 Internal Server Error in 321ms

ActionView::Template::Error (undefined method `title' for #<#<Class:0x000000047d35f8>:0x000000047c3108>):
    1: <% title "Assets" %>
    2: 
    3: <table>
    4:   <tr>
  app/views/assets/index.html.erb:1:in `_app_views_assets_index_html_erb___1343254084696775838_33497640'

Rendered /usr/local/lib/ruby/gems/1.9.1/gems/actionpack-3.1.1/lib/action_dispatch/middleware/templates/rescues/_trace.erb (1.2ms)
Rendered /usr/local/lib/ruby/gems/1.9.1/gems/actionpack-3.1.1/lib/action_dispatch/middleware/templates/rescues/_request_and_response.erb (1.0ms)
Rendered /usr/local/lib/ruby/gems/1.9.1/gems/actionpack-3.1.1/lib/action_dispatch/middleware/templates/rescues/template_error.erb within rescues/layout (4.2ms)


Started GET "/assets" for 192.168.1.6 at 2012-01-09 18:35:59 +0700
Served asset  - 404 Not Found (1ms)
  Processing by AssetsController#index as HTML
  [1m[36mUser Load (0.4ms)[0m  [1mSELECT `users`.* FROM `users` WHERE `users`.`id` = 1 LIMIT 1[0m
  [1m[35mAsset Load (0.2ms)[0m  SELECT `assets`.* FROM `assets` WHERE `assets`.`user_id` = 1
Rendered assets/index.html.erb within layouts/application (170.2ms)
Completed 500 Internal Server Error in 263ms

ActionView::Template::Error (undefined method `title' for #<#<Class:0x00000005276348>:0x00000005266420>):
    1: <% title "Assets" %>
    2: 
    3: <table>
    4:   <tr>
  app/views/assets/index.html.erb:1:in `_app_views_assets_index_html_erb__3637912362316414357_42864560'

Rendered /usr/local/lib/ruby/gems/1.9.1/gems/actionpack-3.1.1/lib/action_dispatch/middleware/templates/rescues/_trace.erb (1.3ms)
Rendered /usr/local/lib/ruby/gems/1.9.1/gems/actionpack-3.1.1/lib/action_dispatch/middleware/templates/rescues/_request_and_response.erb (1.0ms)
Rendered /usr/local/lib/ruby/gems/1.9.1/gems/actionpack-3.1.1/lib/action_dispatch/middleware/templates/rescues/template_error.erb within rescues/layout (4.2ms)


Started GET "/assets" for 192.168.1.6 at 2012-01-09 18:36:01 +0700
Served asset  - 404 Not Found (3ms)
  Processing by AssetsController#index as HTML
  [1m[36mUser Load (0.3ms)[0m  [1mSELECT `users`.* FROM `users` WHERE `users`.`id` = 1 LIMIT 1[0m
  [1m[35mAsset Load (0.2ms)[0m  SELECT `assets`.* FROM `assets` WHERE `assets`.`user_id` = 1
Rendered assets/index.html.erb within layouts/application (108.2ms)
Completed 500 Internal Server Error in 197ms

ActionView::Template::Error (undefined method `title' for #<#<Class:0x00000005408c10>:0x000000053fe328>):
    1: <% title "Assets" %>
    2: 
    3: <table>
    4:   <tr>
  app/views/assets/index.html.erb:1:in `_app_views_assets_index_html_erb__3637912362316414357_42864560'

Rendered /usr/local/lib/ruby/gems/1.9.1/gems/actionpack-3.1.1/lib/action_dispatch/middleware/templates/rescues/_trace.erb (1.2ms)
Rendered /usr/local/lib/ruby/gems/1.9.1/gems/actionpack-3.1.1/lib/action_dispatch/middleware/templates/rescues/_request_and_response.erb (1.0ms)
Rendered /usr/local/lib/ruby/gems/1.9.1/gems/actionpack-3.1.1/lib/action_dispatch/middleware/templates/rescues/template_error.erb within rescues/layout (4.3ms)


Started GET "/assets" for 192.168.1.6 at 2012-01-09 18:36:59 +0700
Served asset  - 404 Not Found (1ms)
  Processing by AssetsController#index as HTML
  [1m[36mUser Load (0.3ms)[0m  [1mSELECT `users`.* FROM `users` WHERE `users`.`id` = 1 LIMIT 1[0m
  [1m[35mAsset Load (0.2ms)[0m  SELECT `assets`.* FROM `assets` WHERE `assets`.`user_id` = 1
Rendered assets/index.html.erb within layouts/application (31.8ms)
Completed 500 Internal Server Error in 205ms

ActionView::Template::Error (No route matches {:action=>"show", :controller=>"assets", :ext=>"css", :body=>true, :digest=>false, :id=>#<Sprockets::BundledAsset:0x1498fd0 pathname="/home/shodik/apps00/app/assets/stylesheets/application.css", mtime=2012-01-09 17:45:30 +0700, digest="db9e40ab62db6ecfb06e1320fce0cb3c">}):
    2: <html>
    3: <head>
    4:   <title>Apps00 |</title> 
    5:   <%= stylesheet_link_tag    "application" %>
    6:   <%= javascript_include_tag "application" %>
    7:   <%= csrf_meta_tags %>
    8: </head>
  app/views/layouts/application.html.erb:5:in `_app_views_layouts_application_html_erb__3535482789060146662_31206560'

Rendered /usr/local/lib/ruby/gems/1.9.1/gems/actionpack-3.1.1/lib/action_dispatch/middleware/templates/rescues/routing_error.erb within rescues/layout (0.6ms)


Started GET "/assets" for 192.168.1.6 at 2012-01-09 18:38:01 +0700
Served asset  - 404 Not Found (3ms)
  Processing by AssetsController#index as HTML
  [1m[36mUser Load (0.3ms)[0m  [1mSELECT `users`.* FROM `users` WHERE `users`.`id` = 1 LIMIT 1[0m
  [1m[35mAsset Load (0.2ms)[0m  SELECT `assets`.* FROM `assets` WHERE `assets`.`user_id` = 1
Rendered assets/index.html.erb within layouts/application (2.7ms)
Completed 500 Internal Server Error in 44ms

ActionView::Template::Error (No route matches {:action=>"show", :controller=>"assets", :ext=>"css", :body=>true, :digest=>false, :id=>#<Sprockets::BundledAsset:0x1498fd0 pathname="/home/shodik/apps00/app/assets/stylesheets/application.css", mtime=2012-01-09 17:45:30 +0700, digest="db9e40ab62db6ecfb06e1320fce0cb3c">}):
    2: <html>
    3: <head>
    4:   <title>Apps00 |</title> 
    5:   <%= stylesheet_link_tag    "application" %>
    6:   <%= javascript_include_tag "application" %>
    7:   <%= csrf_meta_tags %>
    8: </head>
  app/views/layouts/application.html.erb:5:in `_app_views_layouts_application_html_erb__3535482789060146662_31206560'

Rendered /usr/local/lib/ruby/gems/1.9.1/gems/actionpack-3.1.1/lib/action_dispatch/middleware/templates/rescues/routing_error.erb within rescues/layout (0.6ms)


Started GET "/assets/new" for 192.168.1.6 at 2012-01-09 18:38:08 +0700
Served asset /new - 404 Not Found (4ms)
  Processing by AssetsController#new as HTML
  [1m[36mUser Load (0.3ms)[0m  [1mSELECT `users`.* FROM `users` WHERE `users`.`id` = 1 LIMIT 1[0m
Rendered assets/_form.html.erb (403.5ms)
Rendered assets/new.html.erb within layouts/application (446.6ms)
Completed 500 Internal Server Error in 512ms

ActionView::Template::Error (undefined method `error_messages' for #<ActionView::Helpers::FormBuilder:0x00000003d01f30>):
    1: <%= form_for @asset,:html => {:multipart => true} do |f| %>
    2:   <%= f.error_messages %>
    3:   <p>
    4:     <%= f.label :uploaded_file, "File" %><br>  
    5:         <%= f.file_field :uploaded_file %> 
  app/views/assets/_form.html.erb:2:in `block in _app_views_assets__form_html_erb___46169109331503117_35670780'
  app/views/assets/_form.html.erb:1:in `_app_views_assets__form_html_erb___46169109331503117_35670780'
  app/views/assets/new.html.erb:3:in `_app_views_assets_new_html_erb___3453620315785629429_35899660'

Rendered /usr/local/lib/ruby/gems/1.9.1/gems/actionpack-3.1.1/lib/action_dispatch/middleware/templates/rescues/_trace.erb (1.3ms)
Rendered /usr/local/lib/ruby/gems/1.9.1/gems/actionpack-3.1.1/lib/action_dispatch/middleware/templates/rescues/_request_and_response.erb (1.0ms)
Rendered /usr/local/lib/ruby/gems/1.9.1/gems/actionpack-3.1.1/lib/action_dispatch/middleware/templates/rescues/template_error.erb within rescues/layout (4.3ms)


Started GET "/assets/new" for 192.168.1.6 at 2012-01-09 18:40:10 +0700
Served asset /new - 404 Not Found (1ms)
  Processing by AssetsController#new as HTML
  [1m[36mUser Load (0.4ms)[0m  [1mSELECT `users`.* FROM `users` WHERE `users`.`id` = 1 LIMIT 1[0m
Rendered assets/_form.html.erb (393.5ms)
Rendered assets/new.html.erb within layouts/application (412.5ms)
Completed 500 Internal Server Error in 580ms

ActionView::Template::Error (undefined method `error_messages' for #<ActionView::Helpers::FormBuilder:0x000000040cebb8>):
    1: <%= form_for @asset,:html => {:multipart => true} do |f| %>
    2:   <%= f.error_messages %>
    3:   <p>
    4:     <%= f.label :uploaded_file, "File" %><br>  
    5:         <%= f.file_field :uploaded_file %> 
  app/views/assets/_form.html.erb:2:in `block in _app_views_assets__form_html_erb___2896326615295364086_34265960'
  app/views/assets/_form.html.erb:1:in `_app_views_assets__form_html_erb___2896326615295364086_34265960'
  app/views/assets/new.html.erb:3:in `_app_views_assets_new_html_erb__944204693585832424_34444340'

Rendered /usr/local/lib/ruby/gems/1.9.1/gems/actionpack-3.1.1/lib/action_dispatch/middleware/templates/rescues/_trace.erb (1.4ms)
Rendered /usr/local/lib/ruby/gems/1.9.1/gems/actionpack-3.1.1/lib/action_dispatch/middleware/templates/rescues/_request_and_response.erb (0.9ms)
Rendered /usr/local/lib/ruby/gems/1.9.1/gems/actionpack-3.1.1/lib/action_dispatch/middleware/templates/rescues/template_error.erb within rescues/layout (4.4ms)


Started GET "/assets" for 192.168.1.6 at 2012-01-09 18:40:15 +0700
Served asset  - 404 Not Found (3ms)
  Processing by AssetsController#index as HTML
  [1m[35mUser Load (0.4ms)[0m  SELECT `users`.* FROM `users` WHERE `users`.`id` = 1 LIMIT 1
  [1m[36mAsset Load (0.2ms)[0m  [1mSELECT `assets`.* FROM `assets` WHERE `assets`.`user_id` = 1[0m
Rendered assets/index.html.erb within layouts/application (3.1ms)
Compiled application.css  (0ms)  (pid 2594)
Completed 500 Internal Server Error in 106ms

ActionView::Template::Error (No route matches {:action=>"show", :controller=>"assets", :ext=>"css", :body=>true, :digest=>false, :id=>#<Sprockets::BundledAsset:0x211f0ec pathname="/home/shodik/apps00/app/assets/stylesheets/application.css", mtime=2012-01-09 18:39:53 +0700, digest="ebc4496cb4d118c09b4d609849b26ab2">}):
    2: <html>
    3: <head>
    4:   <title>Apps00 |</title> 
    5:   <%= stylesheet_link_tag    "application" %>
    6:   <%= javascript_include_tag "application" %>
    7:   <%= csrf_meta_tags %>
    8: </head>
  app/views/layouts/application.html.erb:5:in `_app_views_layouts_application_html_erb__1220097236727311084_34718600'

Rendered /usr/local/lib/ruby/gems/1.9.1/gems/actionpack-3.1.1/lib/action_dispatch/middleware/templates/rescues/routing_error.erb within rescues/layout (0.6ms)


Started GET "/" for 192.168.1.6 at 2012-01-09 18:40:39 +0700
  Processing by HomeController#index as HTML
Rendered home/index.html.erb within layouts/application (0.3ms)
Completed 500 Internal Server Error in 9ms

ActionView::Template::Error (No route matches {:action=>"show", :controller=>"assets", :ext=>"css", :body=>true, :digest=>false, :id=>#<Sprockets::BundledAsset:0x211f0ec pathname="/home/shodik/apps00/app/assets/stylesheets/application.css", mtime=2012-01-09 18:39:53 +0700, digest="ebc4496cb4d118c09b4d609849b26ab2">}):
    2: <html>
    3: <head>
    4:   <title>Apps00 |</title> 
    5:   <%= stylesheet_link_tag    "application" %>
    6:   <%= javascript_include_tag "application" %>
    7:   <%= csrf_meta_tags %>
    8: </head>
  app/views/layouts/application.html.erb:5:in `_app_views_layouts_application_html_erb__1220097236727311084_34718600'

Rendered /usr/local/lib/ruby/gems/1.9.1/gems/actionpack-3.1.1/lib/action_dispatch/middleware/templates/rescues/routing_error.erb within rescues/layout (0.5ms)
